d:\iit\second year\3d graphics programming\cw2\textures tutorial\textures tutorial\3dexample1\debug\vc142.pdb
d:\iit\second year\3d graphics programming\cw2\textures tutorial\textures tutorial\3dexample1\debug\vc142.idb
d:\iit\second year\3d graphics programming\cw2\textures tutorial\textures tutorial\3dexample1\debug\glee.obj
d:\iit\second year\3d graphics programming\cw2\textures tutorial\textures tutorial\3dexample1\debug\gltools.obj
d:\iit\second year\3d graphics programming\cw2\textures tutorial\textures tutorial\3dexample1\debug\math3d.obj
d:\iit\second year\3d graphics programming\cw2\textures tutorial\textures tutorial\3dexample1\debug\glm.obj
d:\iit\second year\3d graphics programming\cw2\textures tutorial\textures tutorial\3dexample1\debug\tutorial9_textures.obj
d:\iit\second year\3d graphics programming\cw2\textures tutorial\textures tutorial\debug\3dexample1.exe
d:\iit\second year\3d graphics programming\cw2\textures tutorial\textures tutorial\debug\3dexample1.ilk
d:\iit\second year\3d graphics programming\cw2\textures tutorial\textures tutorial\debug\3dexample1.pdb
d:\iit\second year\3d graphics programming\cw2\textures tutorial\textures tutorial\3dexample1\debug\3dexample1.res
d:\iit\second year\3d graphics programming\cw2\textures tutorial\textures tutorial\3dexample1\debug\3dexample1.tlog\cl.command.1.tlog
d:\iit\second year\3d graphics programming\cw2\textures tutorial\textures tutorial\3dexample1\debug\3dexample1.tlog\cl.read.1.tlog
d:\iit\second year\3d graphics programming\cw2\textures tutorial\textures tutorial\3dexample1\debug\3dexample1.tlog\cl.write.1.tlog
d:\iit\second year\3d graphics programming\cw2\textures tutorial\textures tutorial\3dexample1\debug\3dexample1.tlog\link.command.1.tlog
d:\iit\second year\3d graphics programming\cw2\textures tutorial\textures tutorial\3dexample1\debug\3dexample1.tlog\link.read.1.tlog
d:\iit\second year\3d graphics programming\cw2\textures tutorial\textures tutorial\3dexample1\debug\3dexample1.tlog\link.write.1.tlog
d:\iit\second year\3d graphics programming\cw2\textures tutorial\textures tutorial\3dexample1\debug\3dexample1.tlog\rc.command.1.tlog
d:\iit\second year\3d graphics programming\cw2\textures tutorial\textures tutorial\3dexample1\debug\3dexample1.tlog\rc.read.1.tlog
d:\iit\second year\3d graphics programming\cw2\textures tutorial\textures tutorial\3dexample1\debug\3dexample1.tlog\rc.write.1.tlog
